CRITICAL - 2022-04-01 05:25:47 --> The original file is not a valid file.
#0 C:\xampp\htdocs\biblioteca\system\HTTP\Files\UploadedFile.php(137): CodeIgniter\HTTP\Exceptions\HTTPException::forInvalidFile()
#1 C:\xampp\htdocs\biblioteca\app\Controllers\Libros.php(35): CodeIgniter\HTTP\Files\UploadedFile->move('../public/uploa...', '1648808746_56c8...')
#2 C:\xampp\htdocs\biblioteca\system\CodeIgniter.php(832): App\Controllers\Libros->guardar()
#3 C:\xampp\htdocs\biblioteca\system\CodeIgniter.php(419): CodeIgniter\CodeIgniter->runController(Object(App\Controllers\Libros))
#4 C:\xampp\htdocs\biblioteca\system\CodeIgniter.php(326): CodeIgniter\CodeIgniter->handleRequest(NULL, Object(Config\Cache), false)
#5 C:\xampp\htdocs\biblioteca\public\index.php(37): CodeIgniter\CodeIgniter->run()
#6 {main}
CRITICAL - 2022-04-01 05:51:24 --> syntax error, unexpected identifier "borrar", expecting variable
#0 C:\xampp\htdocs\biblioteca\system\Autoloader\Autoloader.php(241): CodeIgniter\Autoloader\Autoloader->includeFile('C:\\xampp\\htdocs...')
#1 C:\xampp\htdocs\biblioteca\system\Autoloader\Autoloader.php(219): CodeIgniter\Autoloader\Autoloader->loadInNamespace('App\\Controllers...')
#2 [internal function]: CodeIgniter\Autoloader\Autoloader->loadClass('App\\Controllers...')
#3 C:\xampp\htdocs\biblioteca\system\CodeIgniter.php(797): class_exists('\\App\\Controller...', true)
#4 C:\xampp\htdocs\biblioteca\system\CodeIgniter.php(406): CodeIgniter\CodeIgniter->startController()
#5 C:\xampp\htdocs\biblioteca\system\CodeIgniter.php(326): CodeIgniter\CodeIgniter->handleRequest(NULL, Object(Config\Cache), false)
#6 C:\xampp\htdocs\biblioteca\public\index.php(37): CodeIgniter\CodeIgniter->run()
#7 {main}
CRITICAL - 2022-04-01 06:23:04 --> Undefined variable $ruta
#0 C:\xampp\htdocs\biblioteca\app\Controllers\Libros.php(51): CodeIgniter\Debug\Exceptions->errorHandler(2, 'Undefined varia...', 'C:\\xampp\\htdocs...', 51)
#1 C:\xampp\htdocs\biblioteca\system\CodeIgniter.php(832): App\Controllers\Libros->borrar('3')
#2 C:\xampp\htdocs\biblioteca\system\CodeIgniter.php(419): CodeIgniter\CodeIgniter->runController(Object(App\Controllers\Libros))
#3 C:\xampp\htdocs\biblioteca\system\CodeIgniter.php(326): CodeIgniter\CodeIgniter->handleRequest(NULL, Object(Config\Cache), false)
#4 C:\xampp\htdocs\biblioteca\public\index.php(37): CodeIgniter\CodeIgniter->run()
#5 {main}
CRITICAL - 2022-04-01 06:42:30 --> Undefined variable $ruta
#0 C:\xampp\htdocs\biblioteca\app\Controllers\Libros.php(51): CodeIgniter\Debug\Exceptions->errorHandler(2, 'Undefined varia...', 'C:\\xampp\\htdocs...', 51)
#1 C:\xampp\htdocs\biblioteca\system\CodeIgniter.php(832): App\Controllers\Libros->borrar('3')
#2 C:\xampp\htdocs\biblioteca\system\CodeIgniter.php(419): CodeIgniter\CodeIgniter->runController(Object(App\Controllers\Libros))
#3 C:\xampp\htdocs\biblioteca\system\CodeIgniter.php(326): CodeIgniter\CodeIgniter->handleRequest(NULL, Object(Config\Cache), false)
#4 C:\xampp\htdocs\biblioteca\public\index.php(37): CodeIgniter\CodeIgniter->run()
#5 {main}
CRITICAL - 2022-04-01 06:44:02 --> Undefined variable $cabecera
#0 C:\xampp\htdocs\biblioteca\app\Views\libros\listar.php(1): CodeIgniter\Debug\Exceptions->errorHandler(2, 'Undefined varia...', 'C:\\xampp\\htdocs...', 1)
#1 C:\xampp\htdocs\biblioteca\system\View\View.php(210): include('C:\\xampp\\htdocs...')
#2 C:\xampp\htdocs\biblioteca\system\View\View.php(213): CodeIgniter\View\View->CodeIgniter\View\{closure}()
#3 C:\xampp\htdocs\biblioteca\system\Common.php(1089): CodeIgniter\View\View->render('libros/listar', Array, true)
#4 C:\xampp\htdocs\biblioteca\app\Controllers\Home.php(9): view('libros/listar')
#5 C:\xampp\htdocs\biblioteca\system\CodeIgniter.php(832): App\Controllers\Home->index()
#6 C:\xampp\htdocs\biblioteca\system\CodeIgniter.php(419): CodeIgniter\CodeIgniter->runController(Object(App\Controllers\Home))
#7 C:\xampp\htdocs\biblioteca\system\CodeIgniter.php(326): CodeIgniter\CodeIgniter->handleRequest(NULL, Object(Config\Cache), false)
#8 C:\xampp\htdocs\biblioteca\public\index.php(37): CodeIgniter\CodeIgniter->run()
#9 {main}
CRITICAL - 2022-04-01 06:58:58 --> Undefined variable $cabecera
#0 C:\xampp\htdocs\biblioteca\app\Views\libros\listar.php(1): CodeIgniter\Debug\Exceptions->errorHandler(2, 'Undefined varia...', 'C:\\xampp\\htdocs...', 1)
#1 C:\xampp\htdocs\biblioteca\system\View\View.php(210): include('C:\\xampp\\htdocs...')
#2 C:\xampp\htdocs\biblioteca\system\View\View.php(213): CodeIgniter\View\View->CodeIgniter\View\{closure}()
#3 C:\xampp\htdocs\biblioteca\system\Common.php(1089): CodeIgniter\View\View->render('libros/listar', Array, true)
#4 C:\xampp\htdocs\biblioteca\app\Controllers\Home.php(9): view('libros/listar')
#5 C:\xampp\htdocs\biblioteca\system\CodeIgniter.php(832): App\Controllers\Home->index()
#6 C:\xampp\htdocs\biblioteca\system\CodeIgniter.php(419): CodeIgniter\CodeIgniter->runController(Object(App\Controllers\Home))
#7 C:\xampp\htdocs\biblioteca\system\CodeIgniter.php(326): CodeIgniter\CodeIgniter->handleRequest(NULL, Object(Config\Cache), false)
#8 C:\xampp\htdocs\biblioteca\public\index.php(37): CodeIgniter\CodeIgniter->run()
#9 {main}
CRITICAL - 2022-04-01 08:27:42 --> Undefined variable $cabecera
#0 C:\xampp\htdocs\biblioteca\app\Views\libros\listar.php(1): CodeIgniter\Debug\Exceptions->errorHandler(2, 'Undefined varia...', 'C:\\xampp\\htdocs...', 1)
#1 C:\xampp\htdocs\biblioteca\system\View\View.php(210): include('C:\\xampp\\htdocs...')
#2 C:\xampp\htdocs\biblioteca\system\View\View.php(213): CodeIgniter\View\View->CodeIgniter\View\{closure}()
#3 C:\xampp\htdocs\biblioteca\system\Common.php(1089): CodeIgniter\View\View->render('libros/listar', Array, true)
#4 C:\xampp\htdocs\biblioteca\app\Controllers\Home.php(9): view('libros/listar')
#5 C:\xampp\htdocs\biblioteca\system\CodeIgniter.php(832): App\Controllers\Home->index()
#6 C:\xampp\htdocs\biblioteca\system\CodeIgniter.php(419): CodeIgniter\CodeIgniter->runController(Object(App\Controllers\Home))
#7 C:\xampp\htdocs\biblioteca\system\CodeIgniter.php(326): CodeIgniter\CodeIgniter->handleRequest(NULL, Object(Config\Cache), false)
#8 C:\xampp\htdocs\biblioteca\public\index.php(37): CodeIgniter\CodeIgniter->run()
#9 {main}
CRITICAL - 2022-04-01 10:00:03 --> The original file is not a valid file.
#0 C:\xampp\htdocs\biblioteca\system\HTTP\Files\UploadedFile.php(137): CodeIgniter\HTTP\Exceptions\HTTPException::forInvalidFile()
#1 C:\xampp\htdocs\biblioteca\app\Controllers\Libros.php(35): CodeIgniter\HTTP\Files\UploadedFile->move('../public/uploa...', '1648825202_2e51...')
#2 C:\xampp\htdocs\biblioteca\system\CodeIgniter.php(832): App\Controllers\Libros->guardar()
#3 C:\xampp\htdocs\biblioteca\system\CodeIgniter.php(419): CodeIgniter\CodeIgniter->runController(Object(App\Controllers\Libros))
#4 C:\xampp\htdocs\biblioteca\system\CodeIgniter.php(326): CodeIgniter\CodeIgniter->handleRequest(NULL, Object(Config\Cache), false)
#5 C:\xampp\htdocs\biblioteca\public\index.php(37): CodeIgniter\CodeIgniter->run()
#6 {main}
CRITICAL - 2022-04-01 10:29:18 --> mine_in is not a valid rule.
#0 C:\xampp\htdocs\biblioteca\system\Validation\Validation.php(300): CodeIgniter\Validation\Exceptions\ValidationException::forRuleNotFound('mine_in')
#1 C:\xampp\htdocs\biblioteca\system\Validation\Validation.php(157): CodeIgniter\Validation\Validation->processRules('imagen', 'imagen', NULL, Array, Array)
#2 C:\xampp\htdocs\biblioteca\system\Controller.php(160): CodeIgniter\Validation\Validation->run()
#3 C:\xampp\htdocs\biblioteca\app\Controllers\Libros.php(86): CodeIgniter\Controller->validate(Array)
#4 C:\xampp\htdocs\biblioteca\system\CodeIgniter.php(832): App\Controllers\Libros->actualizar()
#5 C:\xampp\htdocs\biblioteca\system\CodeIgniter.php(419): CodeIgniter\CodeIgniter->runController(Object(App\Controllers\Libros))
#6 C:\xampp\htdocs\biblioteca\system\CodeIgniter.php(326): CodeIgniter\CodeIgniter->handleRequest(NULL, Object(Config\Cache), false)
#7 C:\xampp\htdocs\biblioteca\public\index.php(37): CodeIgniter\CodeIgniter->run()
#8 {main}
CRITICAL - 2022-04-01 10:35:24 --> mine_in is not a valid rule.
#0 C:\xampp\htdocs\biblioteca\system\Validation\Validation.php(300): CodeIgniter\Validation\Exceptions\ValidationException::forRuleNotFound('mine_in')
#1 C:\xampp\htdocs\biblioteca\system\Validation\Validation.php(157): CodeIgniter\Validation\Validation->processRules('imagen', 'imagen', NULL, Array, Array)
#2 C:\xampp\htdocs\biblioteca\system\Controller.php(160): CodeIgniter\Validation\Validation->run()
#3 C:\xampp\htdocs\biblioteca\app\Controllers\Libros.php(86): CodeIgniter\Controller->validate(Array)
#4 C:\xampp\htdocs\biblioteca\system\CodeIgniter.php(832): App\Controllers\Libros->actualizar()
#5 C:\xampp\htdocs\biblioteca\system\CodeIgniter.php(419): CodeIgniter\CodeIgniter->runController(Object(App\Controllers\Libros))
#6 C:\xampp\htdocs\biblioteca\system\CodeIgniter.php(326): CodeIgniter\CodeIgniter->handleRequest(NULL, Object(Config\Cache), false)
#7 C:\xampp\htdocs\biblioteca\public\index.php(37): CodeIgniter\CodeIgniter->run()
#8 {main}
CRITICAL - 2022-04-01 10:38:50 --> Array and string offset access syntax with curly braces is no longer supported
#0 [internal function]: CodeIgniter\Debug\Exceptions->shutdownHandler()
#1 {main}
CRITICAL - 2022-04-01 10:40:16 --> mine_in is not a valid rule.
#0 C:\xampp\htdocs\biblioteca\system\Validation\Validation.php(300): CodeIgniter\Validation\Exceptions\ValidationException::forRuleNotFound('mine_in')
#1 C:\xampp\htdocs\biblioteca\system\Validation\Validation.php(157): CodeIgniter\Validation\Validation->processRules('imagen', 'imagen', NULL, Array, Array)
#2 C:\xampp\htdocs\biblioteca\system\Controller.php(160): CodeIgniter\Validation\Validation->run()
#3 C:\xampp\htdocs\biblioteca\app\Controllers\Libros.php(86): CodeIgniter\Controller->validate(Array)
#4 C:\xampp\htdocs\biblioteca\system\CodeIgniter.php(832): App\Controllers\Libros->actualizar()
#5 C:\xampp\htdocs\biblioteca\system\CodeIgniter.php(419): CodeIgniter\CodeIgniter->runController(Object(App\Controllers\Libros))
#6 C:\xampp\htdocs\biblioteca\system\CodeIgniter.php(326): CodeIgniter\CodeIgniter->handleRequest(NULL, Object(Config\Cache), false)
#7 C:\xampp\htdocs\biblioteca\public\index.php(37): CodeIgniter\CodeIgniter->run()
#8 {main}
CRITICAL - 2022-04-01 11:16:07 --> require is not a valid rule.
#0 C:\xampp\htdocs\biblioteca\system\Validation\Validation.php(300): CodeIgniter\Validation\Exceptions\ValidationException::forRuleNotFound('require')
#1 C:\xampp\htdocs\biblioteca\system\Validation\Validation.php(157): CodeIgniter\Validation\Validation->processRules('nombre', 'nombre', '', Array, Array)
#2 C:\xampp\htdocs\biblioteca\system\Controller.php(160): CodeIgniter\Validation\Validation->run()
#3 C:\xampp\htdocs\biblioteca\app\Controllers\Libros.php(32): CodeIgniter\Controller->validate(Array)
#4 C:\xampp\htdocs\biblioteca\system\CodeIgniter.php(832): App\Controllers\Libros->guardar()
#5 C:\xampp\htdocs\biblioteca\system\CodeIgniter.php(419): CodeIgniter\CodeIgniter->runController(Object(App\Controllers\Libros))
#6 C:\xampp\htdocs\biblioteca\system\CodeIgniter.php(326): CodeIgniter\CodeIgniter->handleRequest(NULL, Object(Config\Cache), false)
#7 C:\xampp\htdocs\biblioteca\public\index.php(37): CodeIgniter\CodeIgniter->run()
#8 {main}
